<?xml version="1.0" encoding="UTF-8"?>
<!-- Generated by org.testng.reporters.JUnitXMLReporter -->
<testsuite hostname="fasoftwares-pc" ignored="0" name="Test" tests="1" failures="0" timestamp="2020-03-24T12:45:07 IST" time="0.097" errors="0">
  <testcase name="@BeforeTest beforeTest" time="0.05" classname="com.testMaven.NewTest">
    <failure type="java.lang.IllegalStateException" message="The driver executable does not exist: /home/fasoftwares/eclipse-workspace/testMaven/C:\chromedriver_win32\chromedriver.exe">
      <![CDATA[java.lang.IllegalStateException: The driver executable does not exist: /home/fasoftwares/eclipse-workspace/testMaven/C:\chromedriver_win32\chromedriver.exe
at com.google.common.base.Preconditions.checkState(Preconditions.java:585)
at org.openqa.selenium.remote.service.DriverService.checkExecutable(DriverService.java:146)
at org.openqa.selenium.remote.service.DriverService.findExecutable(DriverService.java:141)
at org.openqa.selenium.chrome.ChromeDriverService.access$000(ChromeDriverService.java:35)
at org.openqa.selenium.chrome.ChromeDriverService$Builder.findDefaultExecutable(ChromeDriverService.java:159)
at org.openqa.selenium.remote.service.DriverService$Builder.build(DriverService.java:355)
at org.openqa.selenium.chrome.ChromeDriverService.createDefaultService(ChromeDriverService.java:94)
at org.openqa.selenium.chrome.ChromeDriver.<init>(ChromeDriver.java:123)
at com.testMaven.NewTest.beforeTest(NewTest.java:26)
... Removed 24 stack frames]]>
    </failure>
  </testcase> <!-- @BeforeTest beforeTest -->
  <testcase name="@AfterTest afterTest" time="-1.585034107401E9" classname="com.testMaven.NewTest">
    <skipped/>
  </testcase> <!-- @AfterTest afterTest -->
  <testcase name="f" time="0.0" classname="com.testMaven.NewTest">
    <skipped/>
  </testcase> <!-- f -->
</testsuite> <!-- Test -->
