<?xml version="1.0" encoding="UTF-8"?>
<!-- Generated by org.testng.reporters.JUnitXMLReporter -->
<testsuite hostname="fasoftwares-pc" name="Test" tests="1" failures="1" timestamp="27 Mar 2020 07:06:18 GMT" time="3.915" errors="0">
  <testcase name="f" time="2.947" classname="com.testMaven.AppTest">
    <failure type="java.lang.AssertionError" message="expected [Google] but found [Sign in – Google accounts]">
      <![CDATA[java.lang.AssertionError: expected [Google] but found [Sign in – Google accounts]
	at com.testMaven.AppTest.f(AppTest.java:27)
	at org.apache.maven.surefire.testng.TestNGExecutor.run(TestNGExecutor.java:73)
	at org.apache.maven.surefire.testng.TestNGXmlTestSuite.execute(TestNGXmlTestSuite.java:94)
	at org.apache.maven.surefire.Surefire.run(Surefire.java:169)
	at org.apache.maven.surefire.booter.SurefireBooter.runSuitesInProcess(SurefireBooter.java:350)
	at org.apache.maven.surefire.booter.SurefireBooter.main(SurefireBooter.java:1021)
... Removed 30 stack frames]]>
    </failure>
  </testcase> <!-- f -->
</testsuite> <!-- Test -->
